This file contains any messages produced by compilers while
running configure, to aid debugging if configure makes a mistake.

It was created by configure, which was
generated by GNU Autoconf 2.69.  Invocation command line was

  $ ./configure 

## --------- ##
## Platform. ##
## --------- ##

hostname = DESKTOP-VTU56V3
uname -m = x86_64
uname -r = 4.19.84-microsoft-standard
uname -s = Linux
uname -v = #1 SMP Wed Nov 13 11:44:37 UTC 2019

/usr/bin/uname -p = unknown
/bin/uname -X     = unknown

/bin/arch              = unknown
/usr/bin/arch -k       = unknown
/usr/convex/getsysinfo = unknown
/usr/bin/hostinfo      = unknown
/bin/machine           = unknown
/usr/bin/oslevel       = unknown
/bin/universe          = unknown

PATH: /home/silverfox/.local/bin
PATH: /usr/local/phpstorm/bin
PATH: /usr/local/sbin
PATH: /usr/local/bin
PATH: /usr/sbin
PATH: /usr/bin
PATH: /sbin
PATH: /bin
PATH: /usr/games
PATH: /usr/local/games
PATH: /mnt/c/WINDOWS/system32
PATH: /mnt/c/WINDOWS
PATH: /mnt/c/WINDOWS/System32/Wbem
PATH: /mnt/c/WINDOWS/System32/WindowsPowerShell/v1.0/
PATH: /mnt/c/WINDOWS/System32/OpenSSH/
PATH: /mnt/c/Program Files/Docker/Docker/resources/bin
PATH: /mnt/c/ProgramData/DockerDesktop/version-bin
PATH: /mnt/c/Program Files/Git/cmd
PATH: /mnt/c/Users/baminazad/AppData/Local/Microsoft/WindowsApps
PATH: /mnt/c/Users/baminazad/AppData/Local/Programs/Microsoft VS Code/bin
PATH: /mnt/c/Program Files/JetBrains/PhpStorm 2019.3.4/bin
PATH: /mnt/c/texlive/2019/bin/win32
PATH: /mnt/c/Program Files (x86)/Graphviz2.38/bin
PATH: /snap/bin


## ----------- ##
## Core tests. ##
## ----------- ##

configure:2346: checking for grep that handles long lines and -e
configure:2404: result: /bin/grep
configure:2409: checking for egrep
configure:2471: result: /bin/grep -E
configure:2476: checking for a sed that does not truncate output
configure:2540: result: /bin/sed
configure:2679: checking for pkg-config
configure:2697: found /usr/bin/pkg-config
configure:2709: result: /usr/bin/pkg-config
configure:2734: checking pkg-config is at least version 0.9.0
configure:2737: result: yes
configure:2799: checking for cc
configure:2815: found /usr/bin/cc
configure:2826: result: cc
configure:2857: checking for C compiler version
configure:2866: cc --version >&5
cc (Ubuntu 7.5.0-3ubuntu1~18.04) 7.5.0
Copyright (C) 2017 Free Software Foundation, Inc.
This is free software; see the source for copying conditions.  There is NO
warranty; not even for MERCHANTABILITY or FITNESS FOR A PARTICULAR PURPOSE.

configure:2877: $? = 0
configure:2866: cc -v >&5
Using built-in specs.
COLLECT_GCC=cc
COLLECT_LTO_WRAPPER=/usr/lib/gcc/x86_64-linux-gnu/7/lto-wrapper
OFFLOAD_TARGET_NAMES=nvptx-none
OFFLOAD_TARGET_DEFAULT=1
Target: x86_64-linux-gnu
Configured with: ../src/configure -v --with-pkgversion='Ubuntu 7.5.0-3ubuntu1~18.04' --with-bugurl=file:///usr/share/doc/gcc-7/README.Bugs --enable-languages=c,ada,c++,go,brig,d,fortran,objc,obj-c++ --prefix=/usr --with-gcc-major-version-only --program-suffix=-7 --program-prefix=x86_64-linux-gnu- --enable-shared --enable-linker-build-id --libexecdir=/usr/lib --without-included-gettext --enable-threads=posix --libdir=/usr/lib --enable-nls --enable-bootstrap --enable-clocale=gnu --enable-libstdcxx-debug --enable-libstdcxx-time=yes --with-default-libstdcxx-abi=new --enable-gnu-unique-object --disable-vtable-verify --enable-libmpx --enable-plugin --enable-default-pie --with-system-zlib --with-target-system-zlib --enable-objc-gc=auto --enable-multiarch --disable-werror --with-arch-32=i686 --with-abi=m64 --with-multilib-list=m32,m64,mx32 --enable-multilib --with-tune=generic --enable-offload-targets=nvptx-none --without-cuda-driver --enable-checking=release --build=x86_64-linux-gnu --host=x86_64-linux-gnu --target=x86_64-linux-gnu
Thread model: posix
gcc version 7.5.0 (Ubuntu 7.5.0-3ubuntu1~18.04) 
configure:2877: $? = 0
configure:2866: cc -V >&5
cc: error: unrecognized command line option '-V'
cc: fatal error: no input files
compilation terminated.
configure:2877: $? = 1
configure:2866: cc -qversion >&5
cc: error: unrecognized command line option '-qversion'; did you mean '--version'?
cc: fatal error: no input files
compilation terminated.
configure:2877: $? = 1
configure:2897: checking whether the C compiler works
configure:2919: cc    conftest.c  >&5
configure:2923: $? = 0
configure:2971: result: yes
configure:2974: checking for C compiler default output file name
configure:2976: result: a.out
configure:2982: checking for suffix of executables
configure:2989: cc -o conftest    conftest.c  >&5
configure:2993: $? = 0
configure:3015: result: 
configure:3037: checking whether we are cross compiling
configure:3045: cc -o conftest    conftest.c  >&5
configure:3049: $? = 0
configure:3056: ./conftest
configure:3060: $? = 0
configure:3075: result: no
configure:3080: checking for suffix of object files
configure:3102: cc -c   conftest.c >&5
configure:3106: $? = 0
configure:3127: result: o
configure:3131: checking whether we are using the GNU C compiler
configure:3150: cc -c   conftest.c >&5
configure:3150: $? = 0
configure:3159: result: yes
configure:3168: checking whether cc accepts -g
configure:3188: cc -c -g  conftest.c >&5
configure:3188: $? = 0
configure:3229: result: yes
configure:3246: checking for cc option to accept ISO C89
configure:3309: cc  -c -g -O2  conftest.c >&5
configure:3309: $? = 0
configure:3322: result: none needed
configure:3348: checking how to run the C preprocessor
configure:3379: cc -E  conftest.c
configure:3379: $? = 0
configure:3393: cc -E  conftest.c
conftest.c:9:10: fatal error: ac_nonexistent.h: No such file or directory
 #include <ac_nonexistent.h>
          ^~~~~~~~~~~~~~~~~~
compilation terminated.
configure:3393: $? = 1
configure: failed program was:
| /* confdefs.h */
| #define PACKAGE_NAME ""
| #define PACKAGE_TARNAME ""
| #define PACKAGE_VERSION ""
| #define PACKAGE_STRING ""
| #define PACKAGE_BUGREPORT ""
| #define PACKAGE_URL ""
| /* end confdefs.h.  */
| #include <ac_nonexistent.h>
configure:3418: result: cc -E
configure:3438: cc -E  conftest.c
configure:3438: $? = 0
configure:3452: cc -E  conftest.c
conftest.c:9:10: fatal error: ac_nonexistent.h: No such file or directory
 #include <ac_nonexistent.h>
          ^~~~~~~~~~~~~~~~~~
compilation terminated.
configure:3452: $? = 1
configure: failed program was:
| /* confdefs.h */
| #define PACKAGE_NAME ""
| #define PACKAGE_TARNAME ""
| #define PACKAGE_VERSION ""
| #define PACKAGE_STRING ""
| #define PACKAGE_BUGREPORT ""
| #define PACKAGE_URL ""
| /* end confdefs.h.  */
| #include <ac_nonexistent.h>
configure:3483: checking for icc
configure:3492: result: no
configure:3506: checking for suncc
configure:3515: result: no
configure:3533: checking for system library directory
configure:3548: result: lib
configure:3555: checking if compiler supports -R
configure:3574: cc -o conftest -g -O2   conftest.c -R /usr/lib  >&5
cc: error: unrecognized command line option '-R'
configure:3574: $? = 1
configure: failed program was:
| /* confdefs.h */
| #define PACKAGE_NAME ""
| #define PACKAGE_TARNAME ""
| #define PACKAGE_VERSION ""
| #define PACKAGE_STRING ""
| #define PACKAGE_BUGREPORT ""
| #define PACKAGE_URL ""
| /* end confdefs.h.  */
| 
| int
| main ()
| {
| 
|   ;
|   return 0;
| }
configure:3584: result: no
configure:3589: checking if compiler supports -Wl,-rpath,
configure:3608: cc -o conftest -g -O2   conftest.c -Wl,-rpath,/usr/lib  >&5
configure:3608: $? = 0
configure:3618: result: yes
configure:3634: checking build system type
configure:3648: result: x86_64-pc-linux-gnu
configure:3668: checking host system type
configure:3681: result: x86_64-pc-linux-gnu
configure:3701: checking target system type
configure:3714: result: x86_64-pc-linux-gnu
configure:3817: checking for PHP prefix
configure:3819: result: /usr/local
configure:3821: checking for PHP includes
configure:3823: result: -I/usr/local/include/php -I/usr/local/include/php/main -I/usr/local/include/php/TSRM -I/usr/local/include/php/Zend -I/usr/local/include/php/ext -I/usr/local/include/php/ext/date/lib
configure:3825: checking for PHP extension directory
configure:3827: result: /usr/local/lib/php/extensions/no-debug-non-zts-20190902
configure:3829: checking for PHP installed headers prefix
configure:3831: result: /usr/local/include/php
configure:3834: checking if debug is enabled
configure:3860: result: no
configure:3863: checking if zts is enabled
configure:3889: result: no
configure:3957: checking for gawk
configure:3974: found /usr/bin/gawk
configure:3985: result: gawk
configure:4028: checking Whether to enable the "phpx" extension
configure:4067: result: yes, shared
configure:4409: checking for a sed that does not truncate output
configure:4463: result: /bin/sed
configure:4477: checking for ld used by cc
configure:4544: result: /usr/bin/ld
configure:4551: checking if the linker (/usr/bin/ld) is GNU ld
configure:4566: result: yes
configure:4571: checking for /usr/bin/ld option to reload object files
configure:4578: result: -r
configure:4596: checking for BSD-compatible nm
configure:4645: result: /usr/bin/nm -B
configure:4649: checking whether ln -s works
configure:4653: result: yes
configure:4660: checking how to recognize dependent libraries
configure:4846: result: pass_all
configure:4931: cc -c -g -O2  conftest.c >&5
configure:4934: $? = 0
configure:5064: checking for ANSI C header files
configure:5084: cc -c -g -O2  conftest.c >&5
configure:5084: $? = 0
configure:5157: cc -o conftest -g -O2   conftest.c  >&5
configure:5157: $? = 0
configure:5157: ./conftest
configure:5157: $? = 0
configure:5168: result: yes
configure:5181: checking for sys/types.h
configure:5181: cc -c -g -O2  conftest.c >&5
configure:5181: $? = 0
configure:5181: result: yes
configure:5181: checking for sys/stat.h
configure:5181: cc -c -g -O2  conftest.c >&5
configure:5181: $? = 0
configure:5181: result: yes
configure:5181: checking for stdlib.h
configure:5181: cc -c -g -O2  conftest.c >&5
configure:5181: $? = 0
configure:5181: result: yes
configure:5181: checking for string.h
configure:5181: cc -c -g -O2  conftest.c >&5
configure:5181: $? = 0
configure:5181: result: yes
configure:5181: checking for memory.h
configure:5181: cc -c -g -O2  conftest.c >&5
configure:5181: $? = 0
configure:5181: result: yes
configure:5181: checking for strings.h
configure:5181: cc -c -g -O2  conftest.c >&5
configure:5181: $? = 0
configure:5181: result: yes
configure:5181: checking for inttypes.h
configure:5181: cc -c -g -O2  conftest.c >&5
configure:5181: $? = 0
configure:5181: result: yes
configure:5181: checking for stdint.h
configure:5181: cc -c -g -O2  conftest.c >&5
configure:5181: $? = 0
configure:5181: result: yes
configure:5181: checking for unistd.h
configure:5181: cc -c -g -O2  conftest.c >&5
configure:5181: $? = 0
configure:5181: result: yes
configure:5195: checking dlfcn.h usability
configure:5195: cc -c -g -O2  conftest.c >&5
configure:5195: $? = 0
configure:5195: result: yes
configure:5195: checking dlfcn.h presence
configure:5195: cc -E  conftest.c
configure:5195: $? = 0
configure:5195: result: yes
configure:5195: checking for dlfcn.h
configure:5195: result: yes
configure:5217: checking the maximum length of command line arguments
configure:5329: result: 1572864
configure:5341: checking command to parse /usr/bin/nm -B output from cc object
configure:5446: cc -c -g -O2  conftest.c >&5
configure:5449: $? = 0
configure:5453: /usr/bin/nm -B conftest.o \| sed -n -e 's/^.*[ 	]\([ABCDGIRSTW][ABCDGIRSTW]*\)[ 	][ 	]*\([_A-Za-z][_A-Za-z0-9]*\)$/\1 \2 \2/p' \> conftest.nm
configure:5456: $? = 0
configure:5508: cc -o conftest -g -O2   conftest.c conftstm.o >&5
configure:5511: $? = 0
configure:5549: result: ok
configure:5553: checking for objdir
configure:5568: result: .libs
configure:5660: checking for ar
configure:5676: found /usr/bin/ar
configure:5687: result: ar
configure:5752: checking for ranlib
configure:5768: found /usr/bin/ranlib
configure:5779: result: ranlib
configure:5844: checking for strip
configure:5860: found /usr/bin/strip
configure:5871: result: strip
configure:6440: checking if cc supports -fno-rtti -fno-exceptions
configure:6458: cc -c -g -O2  -fno-rtti -fno-exceptions conftest.c >&5
cc1: warning: command line option '-fno-rtti' is valid for C++/ObjC++ but not for C
configure:6462: $? = 0
configure:6475: result: no
configure:6490: checking for cc option to produce PIC
configure:6730: result: -fPIC
configure:6738: checking if cc PIC flag -fPIC works
configure:6756: cc -c -g -O2  -fPIC -DPIC conftest.c >&5
configure:6760: $? = 0
configure:6773: result: yes
configure:6801: checking if cc static flag -static works
configure:6829: result: yes
configure:6839: checking if cc supports -c -o file.o
configure:6860: cc -c -g -O2  -o out/conftest2.o conftest.c >&5
configure:6864: $? = 0
configure:6886: result: yes
configure:6912: checking whether the cc linker (/usr/bin/ld -m elf_x86_64) supports shared libraries
configure:7840: result: yes
configure:7861: checking whether -lc should be explicitly linked in
configure:7866: cc -c -g -O2  conftest.c >&5
configure:7869: $? = 0
configure:7884: cc -shared conftest.o  -v -Wl,-soname -Wl,conftest -o conftest 2\>\&1 \| grep  -lc  \>/dev/null 2\>\&1
configure:7887: $? = 0
configure:7899: result: no
configure:7907: checking dynamic linker characteristics
configure:8505: result: GNU/Linux ld.so
configure:8529: checking how to hardcode library paths into programs
configure:8554: result: immediate
configure:8568: checking whether stripping libraries is possible
configure:8573: result: yes
configure:9090: checking if libtool supports shared libraries
configure:9092: result: yes
configure:9095: checking whether to build shared libraries
configure:9116: result: yes
configure:9119: checking whether to build static libraries
configure:9123: result: no
configure:9218: result:
creating libtool
configure:12914: patching config.h.in
configure:12925: creating ./config.status

## ---------------------- ##
## Running config.status. ##
## ---------------------- ##

This file was extended by config.status, which was
generated by GNU Autoconf 2.69.  Invocation command line was

  CONFIG_FILES    = 
  CONFIG_HEADERS  = 
  CONFIG_LINKS    = 
  CONFIG_COMMANDS = 
  $ ./config.status 

on DESKTOP-VTU56V3

config.status:677: creating config.h

## ---------------- ##
## Cache variables. ##
## ---------------- ##

ac_cv_build=x86_64-pc-linux-gnu
ac_cv_c_compiler_gnu=yes
ac_cv_env_CC_set=
ac_cv_env_CC_value=
ac_cv_env_CFLAGS_set=
ac_cv_env_CFLAGS_value=
ac_cv_env_CPPFLAGS_set=
ac_cv_env_CPPFLAGS_value=
ac_cv_env_CPP_set=
ac_cv_env_CPP_value=
ac_cv_env_LDFLAGS_set=
ac_cv_env_LDFLAGS_value=
ac_cv_env_LIBS_set=
ac_cv_env_LIBS_value=
ac_cv_env_PKG_CONFIG_LIBDIR_set=
ac_cv_env_PKG_CONFIG_LIBDIR_value=
ac_cv_env_PKG_CONFIG_PATH_set=
ac_cv_env_PKG_CONFIG_PATH_value=
ac_cv_env_PKG_CONFIG_set=
ac_cv_env_PKG_CONFIG_value=
ac_cv_env_build_alias_set=
ac_cv_env_build_alias_value=
ac_cv_env_host_alias_set=
ac_cv_env_host_alias_value=
ac_cv_env_target_alias_set=
ac_cv_env_target_alias_value=
ac_cv_header_dlfcn_h=yes
ac_cv_header_inttypes_h=yes
ac_cv_header_memory_h=yes
ac_cv_header_stdc=yes
ac_cv_header_stdint_h=yes
ac_cv_header_stdlib_h=yes
ac_cv_header_string_h=yes
ac_cv_header_strings_h=yes
ac_cv_header_sys_stat_h=yes
ac_cv_header_sys_types_h=yes
ac_cv_header_unistd_h=yes
ac_cv_host=x86_64-pc-linux-gnu
ac_cv_objext=o
ac_cv_path_EGREP='/bin/grep -E'
ac_cv_path_GREP=/bin/grep
ac_cv_path_SED=/bin/sed
ac_cv_path_ac_pt_PKG_CONFIG=/usr/bin/pkg-config
ac_cv_prog_AWK=gawk
ac_cv_prog_CPP='cc -E'
ac_cv_prog_ac_ct_AR=ar
ac_cv_prog_ac_ct_CC=cc
ac_cv_prog_ac_ct_RANLIB=ranlib
ac_cv_prog_ac_ct_STRIP=strip
ac_cv_prog_cc_c89=
ac_cv_prog_cc_g=yes
ac_cv_target=x86_64-pc-linux-gnu
lt_cv_deplibs_check_method=pass_all
lt_cv_file_magic_cmd='$MAGIC_CMD'
lt_cv_file_magic_test_file=
lt_cv_ld_reload_flag=-r
lt_cv_objdir=.libs
lt_cv_path_LD=/usr/bin/ld
lt_cv_path_NM='/usr/bin/nm -B'
lt_cv_path_SED=/bin/sed
lt_cv_prog_compiler_c_o=yes
lt_cv_prog_compiler_pic_works=yes
lt_cv_prog_compiler_rtti_exceptions=no
lt_cv_prog_compiler_static_works=yes
lt_cv_prog_gnu_ld=yes
lt_cv_sys_global_symbol_pipe='sed -n -e '\''s/^.*[ 	]\([ABCDGIRSTW][ABCDGIRSTW]*\)[ 	][ 	]*\([_A-Za-z][_A-Za-z0-9]*\)$/\1 \2 \2/p'\'''
lt_cv_sys_global_symbol_to_c_name_address='sed -n -e '\''s/^: \([^ ]*\) $/  {\"\1\", (lt_ptr) 0},/p'\'' -e '\''s/^[BCDEGRST] \([^ ]*\) \([^ ]*\)$/  {"\2", (lt_ptr) \&\2},/p'\'''
lt_cv_sys_global_symbol_to_cdecl='sed -n -e '\''s/^. .* \(.*\)$/extern int \1;/p'\'''
lt_cv_sys_lib_dlsearch_path_spec='/lib /usr/lib /usr/lib/x86_64-linux-gnu/libfakeroot /usr/local/lib /usr/local/lib/x86_64-linux-gnu /lib/x86_64-linux-gnu /usr/lib/x86_64-linux-gnu '
lt_cv_sys_lib_search_path_spec='/usr/lib/gcc/x86_64-linux-gnu/7 /usr/lib/x86_64-linux-gnu /usr/lib /lib/x86_64-linux-gnu /lib'
lt_cv_sys_max_cmd_len=1572864
lt_lt_cv_prog_compiler_c_o='"yes"'
lt_lt_cv_sys_global_symbol_pipe='"sed -n -e '\''s/^.*[ 	]\\([ABCDGIRSTW][ABCDGIRSTW]*\\)[ 	][ 	]*\\([_A-Za-z][_A-Za-z0-9]*\\)\$/\\1 \\2 \\2/p'\''"'
lt_lt_cv_sys_global_symbol_to_c_name_address='"sed -n -e '\''s/^: \\([^ ]*\\) \$/  {\\\"\\1\\\", (lt_ptr) 0},/p'\'' -e '\''s/^[BCDEGRST] \\([^ ]*\\) \\([^ ]*\\)\$/  {\"\\2\", (lt_ptr) \\&\\2},/p'\''"'
lt_lt_cv_sys_global_symbol_to_cdecl='"sed -n -e '\''s/^. .* \\(.*\\)\$/extern int \\1;/p'\''"'
php_cv_cc_dashr=no
php_cv_cc_rpath=yes

## ----------------- ##
## Output variables. ##
## ----------------- ##

AR='ar'
AWK='gawk'
CC='cc'
CFLAGS='-g -O2'
CONFIGURE_COMMAND=' '\''./configure'\'' '
CONFIGURE_OPTIONS=''
CPP='cc -E'
CPPFLAGS=' -DHAVE_CONFIG_H'
DEFS='-DHAVE_CONFIG_H'
DSYMUTIL=''
ECHO='echo'
ECHO_C=''
ECHO_N='-n'
ECHO_T=''
EGREP='/bin/grep -E'
EXEEXT=''
GREP='/bin/grep'
LDFLAGS=''
LIBOBJS=''
LIBS=''
LIBTOOL='$(SHELL) $(top_builddir)/libtool'
LN_S='ln -s'
LTLIBOBJS=''
NMEDIT=''
OBJEXT='o'
PACKAGE_BUGREPORT=''
PACKAGE_NAME=''
PACKAGE_STRING=''
PACKAGE_TARNAME=''
PACKAGE_URL=''
PACKAGE_VERSION=''
PATH_SEPARATOR=':'
PKG_CONFIG='/usr/bin/pkg-config'
PKG_CONFIG_LIBDIR=''
PKG_CONFIG_PATH=''
RANLIB='ranlib'
SED='/bin/sed'
SHELL='/bin/bash'
SHLIB_DL_SUFFIX_NAME='so'
SHLIB_SUFFIX_NAME='so'
STRIP='strip'
ac_ct_CC='cc'
bindir='${exec_prefix}/bin'
build='x86_64-pc-linux-gnu'
build_alias=''
build_cpu='x86_64'
build_os='linux-gnu'
build_vendor='pc'
datadir='${datarootdir}'
datarootdir='${prefix}/share'
docdir='${datarootdir}/doc/${PACKAGE}'
dvidir='${docdir}'
exec_prefix='$(prefix)'
host='x86_64-pc-linux-gnu'
host_alias='x86_64-pc-linux-gnu'
host_cpu='x86_64'
host_os='linux-gnu'
host_vendor='pc'
htmldir='${docdir}'
includedir='${prefix}/include'
infodir='${datarootdir}/info'
libdir='${exec_prefix}/lib'
libexecdir='${exec_prefix}/libexec'
localedir='${datarootdir}/locale'
localstatedir='${prefix}/var'
mandir='${datarootdir}/man'
oldincludedir='/usr/include'
pdfdir='${docdir}'
prefix='/usr/local'
program_transform_name='s,x,x,'
psdir='${docdir}'
runstatedir='${localstatedir}/run'
sbindir='${exec_prefix}/sbin'
sharedstatedir='${prefix}/com'
sysconfdir='${prefix}/etc'
target='x86_64-pc-linux-gnu'
target_alias=''
target_cpu='x86_64'
target_os='linux-gnu'
target_vendor='pc'

## ----------- ##
## confdefs.h. ##
## ----------- ##

/* confdefs.h */
#define PACKAGE_NAME ""
#define PACKAGE_TARNAME ""
#define PACKAGE_VERSION ""
#define PACKAGE_STRING ""
#define PACKAGE_BUGREPORT ""
#define PACKAGE_URL ""
#define HAVE_PHPX 1
#define COMPILE_DL_PHPX 1
#define STDC_HEADERS 1
#define HAVE_SYS_TYPES_H 1
#define HAVE_SYS_STAT_H 1
#define HAVE_STDLIB_H 1
#define HAVE_STRING_H 1
#define HAVE_MEMORY_H 1
#define HAVE_STRINGS_H 1
#define HAVE_INTTYPES_H 1
#define HAVE_STDINT_H 1
#define HAVE_UNISTD_H 1
#define HAVE_DLFCN_H 1

configure: exit 0
